g:\c-c++\learnc\learnc\debug\vc142.pdb
g:\c-c++\learnc\learnc\debug\vc142.idb
g:\c-c++\learnc\learnc\debug\hello.obj
g:\c-c++\learnc\learnc\debug\stringdemo.obj
g:\c-c++\learnc\learnc\debug\pointerdemo.obj
g:\c-c++\learnc\learnc\debug\getcharandputchar.obj
g:\c-c++\learnc\learnc\debug\structdemo.obj
g:\c-c++\learnc\learnc\debug\filedemo.obj
g:\c-c++\learnc\learnc\debug\enumdemo.obj
g:\c-c++\learnc\learnc\debug\test.obj
g:\c-c++\learnc\learnc\debug\recursiondemo.obj
g:\c-c++\learnc\debug\learnc.pdb
g:\c-c++\learnc\learnc\debug\learnc.tlog\cl.command.1.tlog
g:\c-c++\learnc\learnc\debug\learnc.tlog\cl.read.1.tlog
g:\c-c++\learnc\learnc\debug\learnc.tlog\cl.write.1.tlog
g:\c-c++\learnc\learnc\debug\learnc.tlog\link-cvtres.read.1.tlog
g:\c-c++\learnc\learnc\debug\learnc.tlog\link-cvtres.write.1.tlog
g:\c-c++\learnc\learnc\debug\learnc.tlog\link-rc.read.1.tlog
g:\c-c++\learnc\learnc\debug\learnc.tlog\link-rc.write.1.tlog
g:\c-c++\learnc\learnc\debug\learnc.tlog\link.10804-cvtres.read.1.tlog
g:\c-c++\learnc\learnc\debug\learnc.tlog\link.10804-cvtres.write.1.tlog
g:\c-c++\learnc\learnc\debug\learnc.tlog\link.10804-rc.read.1.tlog
g:\c-c++\learnc\learnc\debug\learnc.tlog\link.10804-rc.write.1.tlog
g:\c-c++\learnc\learnc\debug\learnc.tlog\link.10804.read.1.tlog
g:\c-c++\learnc\learnc\debug\learnc.tlog\link.10804.write.1.tlog
g:\c-c++\learnc\learnc\debug\learnc.tlog\link.command.1.tlog
g:\c-c++\learnc\learnc\debug\learnc.tlog\link.read.1.tlog
g:\c-c++\learnc\learnc\debug\learnc.tlog\link.write.1.tlog
